<?xml version="1.0" encoding="UTF-8"?>
<testsuite name="org.springframework.cache.aspectj.AspectJEnableCachingIsolatedTests" tests="9" skipped="1" failures="0" errors="0" timestamp="2019-08-13T04:30:47" hostname="zhoujiajundeMacBook-Pro.local" time="0.702">
  <properties/>
  <testcase name="multipleCacheManagerBeans_implementsCachingConfigurer" classname="org.springframework.cache.aspectj.AspectJEnableCachingIsolatedTests" time="0.309"/>
  <testcase name="bothSetOnlyResolverIsUsed" classname="org.springframework.cache.aspectj.AspectJEnableCachingIsolatedTests" time="0.071"/>
  <testcase name="emptyConfigSupport" classname="org.springframework.cache.aspectj.AspectJEnableCachingIsolatedTests" time="0.001">
    <skipped/>
  </testcase>
  <testcase name="testKeyStrategy" classname="org.springframework.cache.aspectj.AspectJEnableCachingIsolatedTests" time="0.076"/>
  <testcase name="testCacheErrorHandler" classname="org.springframework.cache.aspectj.AspectJEnableCachingIsolatedTests" time="0.09"/>
  <testcase name="multipleCacheManagerBeans" classname="org.springframework.cache.aspectj.AspectJEnableCachingIsolatedTests" time="0.052"/>
  <testcase name="multipleCachingConfigurers" classname="org.springframework.cache.aspectj.AspectJEnableCachingIsolatedTests" time="0.022"/>
  <testcase name="noCacheManagerBeans" classname="org.springframework.cache.aspectj.AspectJEnableCachingIsolatedTests" time="0.029"/>
  <testcase name="singleCacheManagerBean" classname="org.springframework.cache.aspectj.AspectJEnableCachingIsolatedTests" time="0.031"/>
  <system-out><![CDATA[]]></system-out>
  <system-err><![CDATA[]]></system-err>
</testsuite>
