<?xml version="1.0" encoding="UTF-8"?>
<testsuite name="org.springframework.oxm.jaxb.Jaxb2MarshallerTests" tests="22" skipped="0" failures="0" errors="0" timestamp="2019-07-23T02:55:24" hostname="zhoujiajundeMacBook-Pro.local" time="0.915">
  <properties/>
  <testcase name="unmarshalSaxSourceWithXmlOptions" classname="org.springframework.oxm.jaxb.Jaxb2MarshallerTests" time="0.09"/>
  <testcase name="marshalAWrappedObjectHoldingAnXmlElementDeclElement" classname="org.springframework.oxm.jaxb.Jaxb2MarshallerTests" time="0.184"/>
  <testcase name="marshalSAXResult" classname="org.springframework.oxm.jaxb.Jaxb2MarshallerTests" time="0.087"/>
  <testcase name="supportsContextPath" classname="org.springframework.oxm.jaxb.Jaxb2MarshallerTests" time="0.244"/>
  <testcase name="supportsXmlRootElement" classname="org.springframework.oxm.jaxb.Jaxb2MarshallerTests" time="0.008"/>
  <testcase name="marshalAttachments" classname="org.springframework.oxm.jaxb.Jaxb2MarshallerTests" time="0.051"/>
  <testcase name="lazyInit" classname="org.springframework.oxm.jaxb.Jaxb2MarshallerTests" time="0.014"/>
  <testcase name="properties" classname="org.springframework.oxm.jaxb.Jaxb2MarshallerTests" time="0.008"/>
  <testcase name="unmarshalStreamSourceWithXmlOptions" classname="org.springframework.oxm.jaxb.Jaxb2MarshallerTests" time="0.007"/>
  <testcase name="supportsPackagesToScan" classname="org.springframework.oxm.jaxb.Jaxb2MarshallerTests" time="0.041"/>
  <testcase name="marshalInvalidClass" classname="org.springframework.oxm.jaxb.Jaxb2MarshallerTests" time="0.012"/>
  <testcase name="testInvalidContextPath" classname="org.springframework.oxm.jaxb.Jaxb2MarshallerTests" time="0.014"/>
  <testcase name="noContextPathOrClassesToBeBound" classname="org.springframework.oxm.jaxb.Jaxb2MarshallerTests" time="0.004"/>
  <testcase name="supportsClassesToBeBound" classname="org.springframework.oxm.jaxb.Jaxb2MarshallerTests" time="0.035"/>
  <testcase name="marshalStreamResultOutputStream" classname="org.springframework.oxm.jaxb.Jaxb2MarshallerTests" time="0.012"/>
  <testcase name="marshalStaxResultEventWriter" classname="org.springframework.oxm.jaxb.Jaxb2MarshallerTests" time="0.011"/>
  <testcase name="marshalEmptyDOMResult" classname="org.springframework.oxm.jaxb.Jaxb2MarshallerTests" time="0.014"/>
  <testcase name="marshalStreamResultWriter" classname="org.springframework.oxm.jaxb.Jaxb2MarshallerTests" time="0.007"/>
  <testcase name="marshalDOMResult" classname="org.springframework.oxm.jaxb.Jaxb2MarshallerTests" time="0.013"/>
  <testcase name="marshalJaxp14StaxResultEventWriter" classname="org.springframework.oxm.jaxb.Jaxb2MarshallerTests" time="0.01"/>
  <testcase name="marshalStaxResultStreamWriter" classname="org.springframework.oxm.jaxb.Jaxb2MarshallerTests" time="0.019"/>
  <testcase name="marshalJaxp14StaxResultStreamWriter" classname="org.springframework.oxm.jaxb.Jaxb2MarshallerTests" time="0.015"/>
  <system-out><![CDATA[]]></system-out>
  <system-err><![CDATA[]]></system-err>
</testsuite>
