<?xml version="1.0" encoding="UTF-8"?>
<testsuite name="org.springframework.oxm.xstream.XStreamMarshallerTests" tests="20" skipped="2" failures="0" errors="0" timestamp="2019-07-23T02:55:26" hostname="zhoujiajundeMacBook-Pro.local" time="0.43">
  <properties/>
  <testcase name="aliasesByTypeStringClassMap" classname="org.springframework.oxm.xstream.XStreamMarshallerTests" time="0.001">
    <skipped/>
  </testcase>
  <testcase name="marshalStaxResultXMLStreamWriter" classname="org.springframework.oxm.xstream.XStreamMarshallerTests" time="0.27"/>
  <testcase name="marshalStreamResultOutputStream" classname="org.springframework.oxm.xstream.XStreamMarshallerTests" time="0.009"/>
  <testcase name="jettisonDriver" classname="org.springframework.oxm.xstream.XStreamMarshallerTests" time="0.032"/>
  <testcase name="marshalDOMResultToExistentDocument" classname="org.springframework.oxm.xstream.XStreamMarshallerTests" time="0.006"/>
  <testcase name="useAttributesForClassStringListMap" classname="org.springframework.oxm.xstream.XStreamMarshallerTests" time="0.008"/>
  <testcase name="fieldAliases" classname="org.springframework.oxm.xstream.XStreamMarshallerTests" time="0.004"/>
  <testcase name="implicitCollections" classname="org.springframework.oxm.xstream.XStreamMarshallerTests" time="0.015"/>
  <testcase name="useAttributesForStringClassMap" classname="org.springframework.oxm.xstream.XStreamMarshallerTests" time="0.004"/>
  <testcase name="jsonDriver" classname="org.springframework.oxm.xstream.XStreamMarshallerTests" time="0.011"/>
  <testcase name="annotatedMarshalStreamResultWriter" classname="org.springframework.oxm.xstream.XStreamMarshallerTests" time="0.011"/>
  <testcase name="useAttributesForClassStringMap" classname="org.springframework.oxm.xstream.XStreamMarshallerTests" time="0.005"/>
  <testcase name="omitFields" classname="org.springframework.oxm.xstream.XStreamMarshallerTests" time="0.005"/>
  <testcase name="aliasesByTypeStringStringMap" classname="org.springframework.oxm.xstream.XStreamMarshallerTests" time="0.0">
    <skipped/>
  </testcase>
  <testcase name="marshalStaxResultXMLEventWriter" classname="org.springframework.oxm.xstream.XStreamMarshallerTests" time="0.005"/>
  <testcase name="marshalSaxResult" classname="org.springframework.oxm.xstream.XStreamMarshallerTests" time="0.004"/>
  <testcase name="marshalStreamResultWriter" classname="org.springframework.oxm.xstream.XStreamMarshallerTests" time="0.005"/>
  <testcase name="marshalDOMResult" classname="org.springframework.oxm.xstream.XStreamMarshallerTests" time="0.014"/>
  <testcase name="useAttributesFor" classname="org.springframework.oxm.xstream.XStreamMarshallerTests" time="0.006"/>
  <testcase name="converters" classname="org.springframework.oxm.xstream.XStreamMarshallerTests" time="0.005"/>
  <system-out><![CDATA[]]></system-out>
  <system-err><![CDATA[Security framework of XStream not initialized, XStream is probably vulnerable.
Security framework of XStream not initialized, XStream is probably vulnerable.
]]></system-err>
</testsuite>
