<?xml version="1.0" encoding="UTF-8"?>
<testsuite name="org.springframework.oxm.jaxb.Jaxb2UnmarshallerTests" tests="12" skipped="0" failures="0" errors="0" timestamp="2019-07-23T02:55:25" hostname="zhoujiajundeMacBook-Pro.local" time="0.252">
  <properties/>
  <testcase name="marshalAttachments" classname="org.springframework.oxm.jaxb.Jaxb2UnmarshallerTests" time="0.055"/>
  <testcase name="unmarshalPartialStaxSourceXmlStreamReader" classname="org.springframework.oxm.jaxb.Jaxb2UnmarshallerTests" time="0.022"/>
  <testcase name="unmarshalFile" classname="org.springframework.oxm.jaxb.Jaxb2UnmarshallerTests" time="0.017"/>
  <testcase name="unmarshalAnXmlReferingToAWrappedXmlElementDecl" classname="org.springframework.oxm.jaxb.Jaxb2UnmarshallerTests" time="0.059"/>
  <testcase name="unmarshalStreamSourceReader" classname="org.springframework.oxm.jaxb.Jaxb2UnmarshallerTests" time="0.008"/>
  <testcase name="unmarshalJaxp14StaxSourceXmlEventReader" classname="org.springframework.oxm.jaxb.Jaxb2UnmarshallerTests" time="0.007"/>
  <testcase name="unmarshalStaxSourceXmlStreamReader" classname="org.springframework.oxm.jaxb.Jaxb2UnmarshallerTests" time="0.006"/>
  <testcase name="unmarshalSAXSource" classname="org.springframework.oxm.jaxb.Jaxb2UnmarshallerTests" time="0.008"/>
  <testcase name="unmarshalStreamSourceInputStream" classname="org.springframework.oxm.jaxb.Jaxb2UnmarshallerTests" time="0.006"/>
  <testcase name="unmarshalJaxp14StaxSourceXmlStreamReader" classname="org.springframework.oxm.jaxb.Jaxb2UnmarshallerTests" time="0.01"/>
  <testcase name="unmarshalStaxSourceXmlEventReader" classname="org.springframework.oxm.jaxb.Jaxb2UnmarshallerTests" time="0.021"/>
  <testcase name="unmarshalDomSource" classname="org.springframework.oxm.jaxb.Jaxb2UnmarshallerTests" time="0.022"/>
  <system-out><![CDATA[]]></system-out>
  <system-err><![CDATA[]]></system-err>
</testsuite>
