<?xml version="1.0" encoding="UTF-8"?>
<testsuite name="org.springframework.oxm.castor.CastorMarshallerTests" tests="21" skipped="0" failures="0" errors="0" timestamp="2019-08-05T02:22:39" hostname="zhoujiajundeMacBook-Pro.local" time="3.34">
  <properties/>
  <testcase name="suppressXsiTypeTrue" classname="org.springframework.oxm.castor.CastorMarshallerTests" time="1.765"/>
  <testcase name="rootElement" classname="org.springframework.oxm.castor.CastorMarshallerTests" time="0.027"/>
  <testcase name="supports" classname="org.springframework.oxm.castor.CastorMarshallerTests" time="0.016"/>
  <testcase name="suppressNamespacesFalse" classname="org.springframework.oxm.castor.CastorMarshallerTests" time="0.017"/>
  <testcase name="useXsiTypeAsRootFalse" classname="org.springframework.oxm.castor.CastorMarshallerTests" time="0.014"/>
  <testcase name="suppressNamespacesTrue" classname="org.springframework.oxm.castor.CastorMarshallerTests" time="0.014"/>
  <testcase name="marshalAsDocumentFalse" classname="org.springframework.oxm.castor.CastorMarshallerTests" time="0.017"/>
  <testcase name="noNamespaceSchemaLocation" classname="org.springframework.oxm.castor.CastorMarshallerTests" time="0.062"/>
  <testcase name="suppressXsiTypeFalse" classname="org.springframework.oxm.castor.CastorMarshallerTests" time="0.017"/>
  <testcase name="marshalSaxResult" classname="org.springframework.oxm.castor.CastorMarshallerTests" time="1.103"/>
  <testcase name="schemaLocation" classname="org.springframework.oxm.castor.CastorMarshallerTests" time="0.019"/>
  <testcase name="useXsiTypeAsRootTrue" classname="org.springframework.oxm.castor.CastorMarshallerTests" time="0.031"/>
  <testcase name="marshalAsDocumentTrue" classname="org.springframework.oxm.castor.CastorMarshallerTests" time="0.017"/>
  <testcase name="marshalStreamResultOutputStream" classname="org.springframework.oxm.castor.CastorMarshallerTests" time="0.022"/>
  <testcase name="marshalStaxResultEventWriter" classname="org.springframework.oxm.castor.CastorMarshallerTests" time="0.051"/>
  <testcase name="marshalEmptyDOMResult" classname="org.springframework.oxm.castor.CastorMarshallerTests" time="0.02"/>
  <testcase name="marshalStreamResultWriter" classname="org.springframework.oxm.castor.CastorMarshallerTests" time="0.021"/>
  <testcase name="marshalDOMResult" classname="org.springframework.oxm.castor.CastorMarshallerTests" time="0.016"/>
  <testcase name="marshalJaxp14StaxResultEventWriter" classname="org.springframework.oxm.castor.CastorMarshallerTests" time="0.028"/>
  <testcase name="marshalStaxResultStreamWriter" classname="org.springframework.oxm.castor.CastorMarshallerTests" time="0.018"/>
  <testcase name="marshalJaxp14StaxResultStreamWriter" classname="org.springframework.oxm.castor.CastorMarshallerTests" time="0.015"/>
  <system-out><![CDATA[]]></system-out>
  <system-err><![CDATA[]]></system-err>
</testsuite>
