<?xml version="1.0" encoding="UTF-8"?>
<testsuite name="org.springframework.util.xml.StaxStreamHandlerTests" tests="4" skipped="0" failures="0" errors="0" timestamp="2019-07-23T02:43:56" hostname="zhoujiajundeMacBook-Pro.local" time="4.127">
  <properties/>
  <testcase name="noNamespacePrefixesDom" classname="org.springframework.util.xml.StaxStreamHandlerTests" time="0.002"/>
  <testcase name="noNamespacePrefixes" classname="org.springframework.util.xml.StaxStreamHandlerTests" time="1.726"/>
  <testcase name="namespacePrefixes" classname="org.springframework.util.xml.StaxStreamHandlerTests" time="2.396"/>
  <testcase name="namespacePrefixesDom" classname="org.springframework.util.xml.StaxStreamHandlerTests" time="0.003"/>
  <system-out><![CDATA[]]></system-out>
  <system-err><![CDATA[]]></system-err>
</testsuite>
