<?xml version="1.0" encoding="UTF-8"?>
<testsuite name="org.springframework.core.env.CustomEnvironmentTests" tests="4" skipped="0" failures="0" errors="0" timestamp="2019-07-23T02:43:47" hostname="zhoujiajundeMacBook-Pro.local" time="0.004">
  <properties/>
  <testcase name="withSingleCustomReservedDefaultProfile" classname="org.springframework.core.env.CustomEnvironmentTests" time="0.003"/>
  <testcase name="withNoReservedDefaultProfile" classname="org.springframework.core.env.CustomEnvironmentTests" time="0.0"/>
  <testcase name="control" classname="org.springframework.core.env.CustomEnvironmentTests" time="0.001"/>
  <testcase name="withMultiCustomReservedDefaultProfile" classname="org.springframework.core.env.CustomEnvironmentTests" time="0.0"/>
  <system-out><![CDATA[]]></system-out>
  <system-err><![CDATA[]]></system-err>
</testsuite>
