<?xml version="1.0" encoding="UTF-8"?>
<testsuite name="org.springframework.core.env.JOptCommandLinePropertySourceTests" tests="11" skipped="0" failures="0" errors="0" timestamp="2019-07-23T02:43:47" hostname="zhoujiajundeMacBook-Pro.local" time="0.025">
  <properties/>
  <testcase name="withRequiredArg_andMultipleArgsPresent_usingRepeatedOption" classname="org.springframework.core.env.JOptCommandLinePropertySourceTests" time="0.018"/>
  <testcase name="withRequiredArg_andArgIsPresent" classname="org.springframework.core.env.JOptCommandLinePropertySourceTests" time="0.0"/>
  <testcase name="withRequiredArg_andMultipleArgsPresent_usingDelimiter" classname="org.springframework.core.env.JOptCommandLinePropertySourceTests" time="0.0"/>
  <testcase name="withCustomNonOptionArgsNameAndNoNonOptionArgsPresent" classname="org.springframework.core.env.JOptCommandLinePropertySourceTests" time="0.001"/>
  <testcase name="withOptionalArg_andArgIsMissing" classname="org.springframework.core.env.JOptCommandLinePropertySourceTests" time="0.0"/>
  <testcase name="withRequiredArg_ofTypeEnum" classname="org.springframework.core.env.JOptCommandLinePropertySourceTests" time="0.002"/>
  <testcase name="withDefaultNonOptionArgsNameAndNoNonOptionArgsPresent" classname="org.springframework.core.env.JOptCommandLinePropertySourceTests" time="0.0"/>
  <testcase name="withDottedOptionName" classname="org.springframework.core.env.JOptCommandLinePropertySourceTests" time="0.0"/>
  <testcase name="withNoArg" classname="org.springframework.core.env.JOptCommandLinePropertySourceTests" time="0.0"/>
  <testcase name="withMissingOption" classname="org.springframework.core.env.JOptCommandLinePropertySourceTests" time="0.0"/>
  <testcase name="withDefaultNonOptionArgsNameAndNonOptionArgsPresent" classname="org.springframework.core.env.JOptCommandLinePropertySourceTests" time="0.001"/>
  <system-out><![CDATA[]]></system-out>
  <system-err><![CDATA[]]></system-err>
</testsuite>
