<?xml version="1.0" encoding="UTF-8"?>
<testsuite name="org.springframework.util.xml.StaxSourceTests" tests="4" skipped="0" failures="0" errors="0" timestamp="2019-07-23T02:43:56" hostname="zhoujiajundeMacBook-Pro.local" time="0.044">
  <properties/>
  <testcase name="streamReaderSourceToDOMResult" classname="org.springframework.util.xml.StaxSourceTests" time="0.003"/>
  <testcase name="streamReaderSourceToStreamResult" classname="org.springframework.util.xml.StaxSourceTests" time="0.037"/>
  <testcase name="eventReaderSourceToStreamResult" classname="org.springframework.util.xml.StaxSourceTests" time="0.003"/>
  <testcase name="eventReaderSourceToDOMResult" classname="org.springframework.util.xml.StaxSourceTests" time="0.001"/>
  <system-out><![CDATA[]]></system-out>
  <system-err><![CDATA[]]></system-err>
</testsuite>
