<?xml version="1.0" encoding="UTF-8"?>
<testsuite name="org.springframework.core.env.PropertySourceTests" tests="2" skipped="0" failures="0" errors="0" timestamp="2019-07-23T02:43:47" hostname="zhoujiajundeMacBook-Pro.local" time="0.002">
  <properties/>
  <testcase name="equals" classname="org.springframework.core.env.PropertySourceTests" time="0.001"/>
  <testcase name="collectionsOperations" classname="org.springframework.core.env.PropertySourceTests" time="0.001"/>
  <system-out><![CDATA[]]></system-out>
  <system-err><![CDATA[]]></system-err>
</testsuite>
