<?xml version="1.0" encoding="UTF-8"?>
<testsuite name="org.springframework.core.StandardReflectionParameterNameDiscoverTests" tests="1" skipped="0" failures="0" errors="0" timestamp="2019-07-23T02:43:49" hostname="zhoujiajundeMacBook-Pro.local" time="0.0">
  <properties/>
  <testcase name="getParameterNamesOnInterface" classname="org.springframework.core.StandardReflectionParameterNameDiscoverTests" time="0.0"/>
  <system-out><![CDATA[]]></system-out>
  <system-err><![CDATA[]]></system-err>
</testsuite>
