<?xml version="1.0" encoding="UTF-8"?>
<testsuite name="org.springframework.core.annotation.AnnotationAwareOrderComparatorTests" tests="8" skipped="0" failures="0" errors="0" timestamp="2019-07-23T02:43:44" hostname="zhoujiajundeMacBook-Pro.local" time="0.033">
  <properties/>
  <testcase name="sortInstancesWithOrderAndPriority" classname="org.springframework.core.annotation.AnnotationAwareOrderComparatorTests" time="0.025"/>
  <testcase name="sortClassesWithSubclass" classname="org.springframework.core.annotation.AnnotationAwareOrderComparatorTests" time="0.002"/>
  <testcase name="instanceVariableIsAnAnnotationAwareOrderComparator" classname="org.springframework.core.annotation.AnnotationAwareOrderComparatorTests" time="0.0"/>
  <testcase name="sortInstancesWithSubclass" classname="org.springframework.core.annotation.AnnotationAwareOrderComparatorTests" time="0.001"/>
  <testcase name="sortInstances" classname="org.springframework.core.annotation.AnnotationAwareOrderComparatorTests" time="0.0"/>
  <testcase name="sortInstancesWithPriority" classname="org.springframework.core.annotation.AnnotationAwareOrderComparatorTests" time="0.001"/>
  <testcase name="sortWithNulls" classname="org.springframework.core.annotation.AnnotationAwareOrderComparatorTests" time="0.0"/>
  <testcase name="sortClasses" classname="org.springframework.core.annotation.AnnotationAwareOrderComparatorTests" time="0.0"/>
  <system-out><![CDATA[]]></system-out>
  <system-err><![CDATA[]]></system-err>
</testsuite>
