<?xml version="1.0" encoding="UTF-8"?>
<testsuite name="org.springframework.core.convert.converter.ConvertingComparatorTests" tests="9" skipped="0" failures="0" errors="0" timestamp="2019-07-23T02:43:46" hostname="zhoujiajundeMacBook-Pro.local" time="0.012">
  <properties/>
  <testcase name="shouldThrowOnNullConverter" classname="org.springframework.core.convert.converter.ConvertingComparatorTests" time="0.001"/>
  <testcase name="shouldThrowOnNullType" classname="org.springframework.core.convert.converter.ConvertingComparatorTests" time="0.0"/>
  <testcase name="shouldGetMapEntryValues" classname="org.springframework.core.convert.converter.ConvertingComparatorTests" time="0.001"/>
  <testcase name="shouldThrowOnNullComparator" classname="org.springframework.core.convert.converter.ConvertingComparatorTests" time="0.0"/>
  <testcase name="shouldGetForConverter" classname="org.springframework.core.convert.converter.ConvertingComparatorTests" time="0.0"/>
  <testcase name="shouldUseConversionServiceOnCompare" classname="org.springframework.core.convert.converter.ConvertingComparatorTests" time="0.002"/>
  <testcase name="shouldGetMapEntryKeys" classname="org.springframework.core.convert.converter.ConvertingComparatorTests" time="0.001"/>
  <testcase name="shouldThrowOnNullConversionService" classname="org.springframework.core.convert.converter.ConvertingComparatorTests" time="0.0"/>
  <testcase name="shouldUseConverterOnCompare" classname="org.springframework.core.convert.converter.ConvertingComparatorTests" time="0.0"/>
  <system-out><![CDATA[]]></system-out>
  <system-err><![CDATA[]]></system-err>
</testsuite>
