<?xml version="1.0" encoding="UTF-8"?>
<testsuite name="org.springframework.util.StreamUtilsTests" tests="8" skipped="0" failures="0" errors="0" timestamp="2019-07-23T02:43:51" hostname="zhoujiajundeMacBook-Pro.local" time="0.134">
  <properties/>
  <testcase name="nonClosingOutputStream" classname="org.springframework.util.StreamUtilsTests" time="0.036"/>
  <testcase name="copyStream" classname="org.springframework.util.StreamUtilsTests" time="0.038"/>
  <testcase name="copyString" classname="org.springframework.util.StreamUtilsTests" time="0.005"/>
  <testcase name="copyToString" classname="org.springframework.util.StreamUtilsTests" time="0.025"/>
  <testcase name="copyBytes" classname="org.springframework.util.StreamUtilsTests" time="0.003"/>
  <testcase name="copyRange" classname="org.springframework.util.StreamUtilsTests" time="0.001"/>
  <testcase name="nonClosingInputStream" classname="org.springframework.util.StreamUtilsTests" time="0.024"/>
  <testcase name="copyToByteArray" classname="org.springframework.util.StreamUtilsTests" time="0.002"/>
  <system-out><![CDATA[]]></system-out>
  <system-err><![CDATA[]]></system-err>
</testsuite>
