<?xml version="1.0" encoding="UTF-8"?>
<testsuite name="org.springframework.core.KotlinDefaultParameterNameDiscovererTests" tests="1" skipped="0" failures="0" errors="0" timestamp="2019-07-23T02:44:01" hostname="zhoujiajundeMacBook-Pro.local" time="0.002">
  <properties/>
  <testcase name="getParameterNamesOnEnum" classname="org.springframework.core.KotlinDefaultParameterNameDiscovererTests" time="0.002"/>
  <system-out><![CDATA[]]></system-out>
  <system-err><![CDATA[]]></system-err>
</testsuite>
