<?xml version="1.0" encoding="UTF-8"?>
<testsuite name="org.springframework.core.annotation.DefaultAnnotationAttributeExtractorTests" tests="1" skipped="0" failures="0" errors="0" timestamp="2019-07-23T02:43:45" hostname="zhoujiajundeMacBook-Pro.local" time="0.001">
  <properties/>
  <testcase name="getAttributeValueForImplicitAliases" classname="org.springframework.core.annotation.DefaultAnnotationAttributeExtractorTests" time="0.001"/>
  <system-out><![CDATA[]]></system-out>
  <system-err><![CDATA[]]></system-err>
</testsuite>
