<?xml version="1.0" encoding="UTF-8"?>
<testsuite name="org.springframework.core.annotation.OrderUtilsTests" tests="6" skipped="0" failures="0" errors="0" timestamp="2019-07-23T02:43:45" hostname="zhoujiajundeMacBook-Pro.local" time="0.006">
  <properties/>
  <testcase name="getSimpleOrder" classname="org.springframework.core.annotation.OrderUtilsTests" time="0.002"/>
  <testcase name="getPriorityOrder" classname="org.springframework.core.annotation.OrderUtilsTests" time="0.0"/>
  <testcase name="getPriorityValue" classname="org.springframework.core.annotation.OrderUtilsTests" time="0.002"/>
  <testcase name="getOrderWithBoth" classname="org.springframework.core.annotation.OrderUtilsTests" time="0.0"/>
  <testcase name="getPriorityValueNoAnnotation" classname="org.springframework.core.annotation.OrderUtilsTests" time="0.0"/>
  <testcase name="getDefaultOrder" classname="org.springframework.core.annotation.OrderUtilsTests" time="0.001"/>
  <system-out><![CDATA[]]></system-out>
  <system-err><![CDATA[]]></system-err>
</testsuite>
