<?xml version="1.0" encoding="UTF-8"?>
<testsuite name="org.springframework.util.LinkedMultiValueMapTests" tests="9" skipped="0" failures="0" errors="0" timestamp="2019-07-23T02:43:50" hostname="zhoujiajundeMacBook-Pro.local" time="0.003">
  <properties/>
  <testcase name="addAll" classname="org.springframework.util.LinkedMultiValueMapTests" time="0.001"/>
  <testcase name="toSingleValueMap" classname="org.springframework.util.LinkedMultiValueMapTests" time="0.0"/>
  <testcase name="equals" classname="org.springframework.util.LinkedMultiValueMapTests" time="0.001"/>
  <testcase name="getFirstWithEmptyList" classname="org.springframework.util.LinkedMultiValueMapTests" time="0.0"/>
  <testcase name="addAllWithEmptyList" classname="org.springframework.util.LinkedMultiValueMapTests" time="0.0"/>
  <testcase name="add" classname="org.springframework.util.LinkedMultiValueMapTests" time="0.0"/>
  <testcase name="set" classname="org.springframework.util.LinkedMultiValueMapTests" time="0.001"/>
  <testcase name="toSingleValueMapWithEmptyList" classname="org.springframework.util.LinkedMultiValueMapTests" time="0.0"/>
  <testcase name="getFirst" classname="org.springframework.util.LinkedMultiValueMapTests" time="0.0"/>
  <system-out><![CDATA[]]></system-out>
  <system-err><![CDATA[]]></system-err>
</testsuite>
