<?xml version="1.0" encoding="UTF-8"?>
<testsuite name="org.springframework.core.convert.support.ByteBufferConverterTests" tests="5" skipped="0" failures="0" errors="0" timestamp="2019-07-23T02:43:47" hostname="zhoujiajundeMacBook-Pro.local" time="0.046">
  <properties/>
  <testcase name="byteBufferToByteBuffer" classname="org.springframework.core.convert.support.ByteBufferConverterTests" time="0.032"/>
  <testcase name="byteArrayToByteBuffer" classname="org.springframework.core.convert.support.ByteBufferConverterTests" time="0.008"/>
  <testcase name="byteBufferToByteArray" classname="org.springframework.core.convert.support.ByteBufferConverterTests" time="0.001"/>
  <testcase name="byteBufferToOtherType" classname="org.springframework.core.convert.support.ByteBufferConverterTests" time="0.001"/>
  <testcase name="otherTypeToByteBuffer" classname="org.springframework.core.convert.support.ByteBufferConverterTests" time="0.0"/>
  <system-out><![CDATA[]]></system-out>
  <system-err><![CDATA[]]></system-err>
</testsuite>
