<?xml version="1.0" encoding="UTF-8"?>
<testsuite name="org.springframework.core.convert.support.GenericConversionServiceTests" tests="66" skipped="2" failures="0" errors="0" timestamp="2019-07-23T02:43:47" hostname="zhoujiajundeMacBook-Pro.local" time="0.06">
  <properties/>
  <testcase name="testWildcardMap" classname="org.springframework.core.convert.support.GenericConversionServiceTests" time="0.0"/>
  <testcase name="sourceTypeIsVoid" classname="org.springframework.core.convert.support.GenericConversionServiceTests" time="0.001"/>
  <testcase name="addConverterNoSourceTargetClassInfoAvailable" classname="org.springframework.core.convert.support.GenericConversionServiceTests" time="0.001"/>
  <testcase name="testPerformance2" classname="org.springframework.core.convert.support.GenericConversionServiceTests" time="0.0">
    <skipped/>
  </testcase>
  <testcase name="testPerformance3" classname="org.springframework.core.convert.support.GenericConversionServiceTests" time="0.001">
    <skipped/>
  </testcase>
  <testcase name="testInterfaceToString" classname="org.springframework.core.convert.support.GenericConversionServiceTests" time="0.001"/>
  <testcase name="convertWrongSourceTypeDescriptor" classname="org.springframework.core.convert.support.GenericConversionServiceTests" time="0.0"/>
  <testcase name="convertNullSource" classname="org.springframework.core.convert.support.GenericConversionServiceTests" time="0.001"/>
  <testcase name="testMapToObjectConversion" classname="org.springframework.core.convert.support.GenericConversionServiceTests" time="0.0"/>
  <testcase name="multipleCollectionTypesFromSameSourceType" classname="org.springframework.core.convert.support.GenericConversionServiceTests" time="0.002"/>
  <testcase name="testListToObjectConversion" classname="org.springframework.core.convert.support.GenericConversionServiceTests" time="0.0"/>
  <testcase name="shouldNotSupportNullConvertibleTypesFromNonConditionalGenericConverter" classname="org.springframework.core.convert.support.GenericConversionServiceTests" time="0.0"/>
  <testcase name="testConvertiblePairsInSet" classname="org.springframework.core.convert.support.GenericConversionServiceTests" time="0.001"/>
  <testcase name="testStringArrayToResourceArray" classname="org.springframework.core.convert.support.GenericConversionServiceTests" time="0.006"/>
  <testcase name="testInterfaceArrayToStringArray" classname="org.springframework.core.convert.support.GenericConversionServiceTests" time="0.001"/>
  <testcase name="rawCollectionAsSource" classname="org.springframework.core.convert.support.GenericConversionServiceTests" time="0.001"/>
  <testcase name="testSubclassOfEnumToString" classname="org.springframework.core.convert.support.GenericConversionServiceTests" time="0.001"/>
  <testcase name="convertNull" classname="org.springframework.core.convert.support.GenericConversionServiceTests" time="0.0"/>
  <testcase name="convertSuperSourceType" classname="org.springframework.core.convert.support.GenericConversionServiceTests" time="0.001"/>
  <testcase name="adaptedCollectionTypesFromSameSourceType" classname="org.springframework.core.convert.support.GenericConversionServiceTests" time="0.0"/>
  <testcase name="convertNullSourcePrimitiveTargetTypeDescriptor" classname="org.springframework.core.convert.support.GenericConversionServiceTests" time="0.001"/>
  <testcase name="testObjectArrayToStringArray" classname="org.springframework.core.convert.support.GenericConversionServiceTests" time="0.0"/>
  <testcase name="testConvertiblePairDifferentEqualsAndHash" classname="org.springframework.core.convert.support.GenericConversionServiceTests" time="0.0"/>
  <testcase name="testEnumToStringConversion" classname="org.springframework.core.convert.support.GenericConversionServiceTests" time="0.002"/>
  <testcase name="canConvertFromClassSourceTypeToNullTargetType" classname="org.springframework.core.convert.support.GenericConversionServiceTests" time="0.0"/>
  <testcase name="convertObjectToPrimitiveViaConverterFactory" classname="org.springframework.core.convert.support.GenericConversionServiceTests" time="0.001"/>
  <testcase name="convertNullSourcePrimitiveTarget" classname="org.springframework.core.convert.support.GenericConversionServiceTests" time="0.0"/>
  <testcase name="testEnumWithInterfaceToStringConversion" classname="org.springframework.core.convert.support.GenericConversionServiceTests" time="0.001"/>
  <testcase name="stringToArrayCanConvert" classname="org.springframework.core.convert.support.GenericConversionServiceTests" time="0.0"/>
  <testcase name="canConvert" classname="org.springframework.core.convert.support.GenericConversionServiceTests" time="0.001"/>
  <testcase name="testStringToIntegerArray" classname="org.springframework.core.convert.support.GenericConversionServiceTests" time="0.002"/>
  <testcase name="convertToNullTargetClass" classname="org.springframework.core.convert.support.GenericConversionServiceTests" time="0.0"/>
  <testcase name="conditionalConversionForAllTypes" classname="org.springframework.core.convert.support.GenericConversionServiceTests" time="0.002"/>
  <testcase name="testStringToObject" classname="org.springframework.core.convert.support.GenericConversionServiceTests" time="0.0"/>
  <testcase name="canConvertFromTypeDescriptorSourceTypeToNullTargetType" classname="org.springframework.core.convert.support.GenericConversionServiceTests" time="0.0"/>
  <testcase name="testStringToString" classname="org.springframework.core.convert.support.GenericConversionServiceTests" time="0.0"/>
  <testcase name="testStringToEnumWithBaseInterfaceConversion" classname="org.springframework.core.convert.support.GenericConversionServiceTests" time="0.001"/>
  <testcase name="emptyListToArray" classname="org.springframework.core.convert.support.GenericConversionServiceTests" time="0.0"/>
  <testcase name="testConvertiblePairEqualsAndHash" classname="org.springframework.core.convert.support.GenericConversionServiceTests" time="0.0"/>
  <testcase name="conditionalConverterFactory" classname="org.springframework.core.convert.support.GenericConversionServiceTests" time="0.001"/>
  <testcase name="testStringToEnumWithInterfaceConversion" classname="org.springframework.core.convert.support.GenericConversionServiceTests" time="0.001"/>
  <testcase name="convertOptimizeArray" classname="org.springframework.core.convert.support.GenericConversionServiceTests" time="0.0"/>
  <testcase name="genericConverterDelegatingBackToConversionServiceConverterNotFound" classname="org.springframework.core.convert.support.GenericConversionServiceTests" time="0.0"/>
  <testcase name="convertAssignableSource" classname="org.springframework.core.convert.support.GenericConversionServiceTests" time="0.0"/>
  <testcase name="convertWrongTypeArgument" classname="org.springframework.core.convert.support.GenericConversionServiceTests" time="0.001"/>
  <testcase name="convertSuperTarget" classname="org.springframework.core.convert.support.GenericConversionServiceTests" time="0.0"/>
  <testcase name="canConvertIllegalArgumentNullTargetTypeFromClass" classname="org.springframework.core.convert.support.GenericConversionServiceTests" time="0.001"/>
  <testcase name="convertToNullTargetTypeDescriptor" classname="org.springframework.core.convert.support.GenericConversionServiceTests" time="0.0"/>
  <testcase name="emptyListToObject" classname="org.springframework.core.convert.support.GenericConversionServiceTests" time="0.0"/>
  <testcase name="testStringArrayToIntegerArray" classname="org.springframework.core.convert.support.GenericConversionServiceTests" time="0.001"/>
  <testcase name="canConvertNullSourceType" classname="org.springframework.core.convert.support.GenericConversionServiceTests" time="0.001"/>
  <testcase name="conditionalConverter" classname="org.springframework.core.convert.support.GenericConversionServiceTests" time="0.001"/>
  <testcase name="conditionalConverterCachingForDifferentAnnotationAttributes" classname="org.springframework.core.convert.support.GenericConversionServiceTests" time="0.001"/>
  <testcase name="removeConvertible" classname="org.springframework.core.convert.support.GenericConversionServiceTests" time="0.001"/>
  <testcase name="convert" classname="org.springframework.core.convert.support.GenericConversionServiceTests" time="0.0"/>
  <testcase name="stringToCollectionCanConvert" classname="org.springframework.core.convert.support.GenericConversionServiceTests" time="0.001"/>
  <testcase name="canConvertAssignable" classname="org.springframework.core.convert.support.GenericConversionServiceTests" time="0.001"/>
  <testcase name="convertNullAnnotatedStringToString" classname="org.springframework.core.convert.support.GenericConversionServiceTests" time="0.0"/>
  <testcase name="testIgnoreCopyConstructor" classname="org.springframework.core.convert.support.GenericConversionServiceTests" time="0.001"/>
  <testcase name="targetTypeIsVoid" classname="org.springframework.core.convert.support.GenericConversionServiceTests" time="0.0"/>
  <testcase name="convertObjectToPrimitive" classname="org.springframework.core.convert.support.GenericConversionServiceTests" time="0.0"/>
  <testcase name="testListToIterableConversion" classname="org.springframework.core.convert.support.GenericConversionServiceTests" time="0.001"/>
  <testcase name="genericCollectionAsSource" classname="org.springframework.core.convert.support.GenericConversionServiceTests" time="0.003"/>
  <testcase name="canConvertIllegalArgumentNullTargetTypeFromTypeDescriptor" classname="org.springframework.core.convert.support.GenericConversionServiceTests" time="0.0"/>
  <testcase name="convertNotNullSourceNullSourceTypeDescriptor" classname="org.springframework.core.convert.support.GenericConversionServiceTests" time="0.0"/>
  <testcase name="converterNotFound" classname="org.springframework.core.convert.support.GenericConversionServiceTests" time="0.0"/>
  <system-out><![CDATA[]]></system-out>
  <system-err><![CDATA[]]></system-err>
</testsuite>
