<?xml version="1.0" encoding="UTF-8"?>
<testsuite name="org.springframework.core.annotation.OrderSourceProviderTests" tests="7" skipped="0" failures="0" errors="0" timestamp="2019-07-23T02:43:45" hostname="zhoujiajundeMacBook-Pro.local" time="0.021">
  <properties/>
  <testcase name="arrayFactoryMethodOverridesStaticOrder" classname="org.springframework.core.annotation.OrderSourceProviderTests" time="0.003"/>
  <testcase name="listNoFactoryMethod" classname="org.springframework.core.annotation.OrderSourceProviderTests" time="0.0"/>
  <testcase name="listFactoryMethod" classname="org.springframework.core.annotation.OrderSourceProviderTests" time="0.002"/>
  <testcase name="arrayNoFactoryMethod" classname="org.springframework.core.annotation.OrderSourceProviderTests" time="0.003"/>
  <testcase name="arrayFactoryMethod" classname="org.springframework.core.annotation.OrderSourceProviderTests" time="0.009"/>
  <testcase name="listFactoryMethodOverridesStaticOrder" classname="org.springframework.core.annotation.OrderSourceProviderTests" time="0.0"/>
  <testcase name="plainComparator" classname="org.springframework.core.annotation.OrderSourceProviderTests" time="0.0"/>
  <system-out><![CDATA[]]></system-out>
  <system-err><![CDATA[]]></system-err>
</testsuite>
