<?xml version="1.0" encoding="UTF-8"?>
<testsuite name="org.springframework.core.convert.TypeDescriptorTests" tests="69" skipped="0" failures="0" errors="0" timestamp="2019-07-23T02:43:47" hostname="zhoujiajundeMacBook-Pro.local" time="0.07">
  <properties/>
  <testcase name="getAnnotationOnMethodThatIsMetaAnnotated" classname="org.springframework.core.convert.TypeDescriptorTests" time="0.001"/>
  <testcase name="valueOfScalar" classname="org.springframework.core.convert.TypeDescriptorTests" time="0.0"/>
  <testcase name="collectionNested" classname="org.springframework.core.convert.TypeDescriptorTests" time="0.001"/>
  <testcase name="propertyGenericType" classname="org.springframework.core.convert.TypeDescriptorTests" time="0.006"/>
  <testcase name="parameterListNoParamTypes" classname="org.springframework.core.convert.TypeDescriptorTests" time="0.001"/>
  <testcase name="createCollectionWithNullElement" classname="org.springframework.core.convert.TypeDescriptorTests" time="0.0"/>
  <testcase name="collection" classname="org.springframework.core.convert.TypeDescriptorTests" time="0.0"/>
  <testcase name="parameterMap" classname="org.springframework.core.convert.TypeDescriptorTests" time="0.001"/>
  <testcase name="valueOfCollection" classname="org.springframework.core.convert.TypeDescriptorTests" time="0.0"/>
  <testcase name="valueOfPrimitive" classname="org.springframework.core.convert.TypeDescriptorTests" time="0.0"/>
  <testcase name="isAssignableMapKeyValueTypes" classname="org.springframework.core.convert.TypeDescriptorTests" time="0.0"/>
  <testcase name="nestedMethodParameterNot1NestedLevel" classname="org.springframework.core.convert.TypeDescriptorTests" time="0.0"/>
  <testcase name="narrow" classname="org.springframework.core.convert.TypeDescriptorTests" time="0.001"/>
  <testcase name="property" classname="org.springframework.core.convert.TypeDescriptorTests" time="0.0"/>
  <testcase name="fieldMap" classname="org.springframework.core.convert.TypeDescriptorTests" time="0.0"/>
  <testcase name="valueOfArray" classname="org.springframework.core.convert.TypeDescriptorTests" time="0.0"/>
  <testcase name="createStringArray" classname="org.springframework.core.convert.TypeDescriptorTests" time="0.0"/>
  <testcase name="elementTypeForMapSubclass" classname="org.springframework.core.convert.TypeDescriptorTests" time="0.001"/>
  <testcase name="isAssignableTypes" classname="org.springframework.core.convert.TypeDescriptorTests" time="0.0"/>
  <testcase name="isAssignableElementTypes" classname="org.springframework.core.convert.TypeDescriptorTests" time="0.002"/>
  <testcase name="mapKeyType" classname="org.springframework.core.convert.TypeDescriptorTests" time="0.0"/>
  <testcase name="mapValueType" classname="org.springframework.core.convert.TypeDescriptorTests" time="0.0"/>
  <testcase name="fieldAnnotated" classname="org.springframework.core.convert.TypeDescriptorTests" time="0.0"/>
  <testcase name="passDownGeneric" classname="org.springframework.core.convert.TypeDescriptorTests" time="0.002"/>
  <testcase name="propertyGenericClassList" classname="org.springframework.core.convert.TypeDescriptorTests" time="0.001"/>
  <testcase name="createNullArray" classname="org.springframework.core.convert.TypeDescriptorTests" time="0.001"/>
  <testcase name="parameterList" classname="org.springframework.core.convert.TypeDescriptorTests" time="0.0"/>
  <testcase name="fieldComplexTypeDescriptor" classname="org.springframework.core.convert.TypeDescriptorTests" time="0.002"/>
  <testcase name="propertyTypeCovariance" classname="org.springframework.core.convert.TypeDescriptorTests" time="0.001"/>
  <testcase name="elementTypeForCollectionSubclass" classname="org.springframework.core.convert.TypeDescriptorTests" time="0.001"/>
  <testcase name="fieldListOfListUnknown" classname="org.springframework.core.convert.TypeDescriptorTests" time="0.0"/>
  <testcase name="getAnnotationOnMethodThatIsLocallyAnnotated" classname="org.springframework.core.convert.TypeDescriptorTests" time="0.0"/>
  <testcase name="mapValueTypePreserveContext" classname="org.springframework.core.convert.TypeDescriptorTests" time="0.001"/>
  <testcase name="fieldListOfListOfString" classname="org.springframework.core.convert.TypeDescriptorTests" time="0.0"/>
  <testcase name="map" classname="org.springframework.core.convert.TypeDescriptorTests" time="0.001"/>
  <testcase name="testUpCastNotSuper" classname="org.springframework.core.convert.TypeDescriptorTests" time="0.0"/>
  <testcase name="nestedTooManyLevels" classname="org.springframework.core.convert.TypeDescriptorTests" time="0.001"/>
  <testcase name="nestedMethodParameterTypeMap" classname="org.springframework.core.convert.TypeDescriptorTests" time="0.0"/>
  <testcase name="multiValueMap" classname="org.springframework.core.convert.TypeDescriptorTests" time="0.0"/>
  <testcase name="fieldScalar" classname="org.springframework.core.convert.TypeDescriptorTests" time="0.0"/>
  <testcase name="createMapWithNullElements" classname="org.springframework.core.convert.TypeDescriptorTests" time="0.001"/>
  <testcase name="propertyComplex" classname="org.springframework.core.convert.TypeDescriptorTests" time="0.002"/>
  <testcase name="parameterScalar" classname="org.springframework.core.convert.TypeDescriptorTests" time="0.001"/>
  <testcase name="getAnnotationOnMethodThatIsMetaMetaAnnotated" classname="org.springframework.core.convert.TypeDescriptorTests" time="0.0"/>
  <testcase name="parameterAnnotated" classname="org.springframework.core.convert.TypeDescriptorTests" time="0.002"/>
  <testcase name="fieldArray" classname="org.springframework.core.convert.TypeDescriptorTests" time="0.0"/>
  <testcase name="equality" classname="org.springframework.core.convert.TypeDescriptorTests" time="0.0"/>
  <testcase name="elementType" classname="org.springframework.core.convert.TypeDescriptorTests" time="0.001"/>
  <testcase name="mapNested" classname="org.springframework.core.convert.TypeDescriptorTests" time="0.001"/>
  <testcase name="getSource" classname="org.springframework.core.convert.TypeDescriptorTests" time="0.0"/>
  <testcase name="forObjectNullTypeDescriptor" classname="org.springframework.core.convert.TypeDescriptorTests" time="0.001"/>
  <testcase name="nestedFieldTypeMapTwoLevels" classname="org.springframework.core.convert.TypeDescriptorTests" time="0.001"/>
  <testcase name="serializable" classname="org.springframework.core.convert.TypeDescriptorTests" time="0.014"/>
  <testcase name="nestedNotParameterized" classname="org.springframework.core.convert.TypeDescriptorTests" time="0.001"/>
  <testcase name="forObject" classname="org.springframework.core.convert.TypeDescriptorTests" time="0.0"/>
  <testcase name="createMapArray" classname="org.springframework.core.convert.TypeDescriptorTests" time="0.0"/>
  <testcase name="parameterArray" classname="org.springframework.core.convert.TypeDescriptorTests" time="0.001"/>
  <testcase name="propertyGenericTypeList" classname="org.springframework.core.convert.TypeDescriptorTests" time="0.0"/>
  <testcase name="nestedMethodParameterType2Levels" classname="org.springframework.core.convert.TypeDescriptorTests" time="0.0"/>
  <testcase name="fieldList" classname="org.springframework.core.convert.TypeDescriptorTests" time="0.0"/>
  <testcase name="nestedMethodParameterTypeNotNestable" classname="org.springframework.core.convert.TypeDescriptorTests" time="0.0"/>
  <testcase name="elementTypePreserveContext" classname="org.springframework.core.convert.TypeDescriptorTests" time="0.0"/>
  <testcase name="nestedPropertyTypeMapTwoLevels" classname="org.springframework.core.convert.TypeDescriptorTests" time="0.0"/>
  <testcase name="nestedMethodParameterTypeMapTwoLevels" classname="org.springframework.core.convert.TypeDescriptorTests" time="0.0"/>
  <testcase name="parameterPrimitive" classname="org.springframework.core.convert.TypeDescriptorTests" time="0.0"/>
  <testcase name="testUpCast" classname="org.springframework.core.convert.TypeDescriptorTests" time="0.0"/>
  <testcase name="fieldComplexTypeDescriptor2" classname="org.springframework.core.convert.TypeDescriptorTests" time="0.0"/>
  <testcase name="nestedMethodParameterTypeInvalidNestingLevel" classname="org.springframework.core.convert.TypeDescriptorTests" time="0.0"/>
  <testcase name="mapKeyTypePreserveContext" classname="org.springframework.core.convert.TypeDescriptorTests" time="0.0"/>
  <system-out><![CDATA[]]></system-out>
  <system-err><![CDATA[]]></system-err>
</testsuite>
