<?xml version="1.0" encoding="UTF-8"?>
<testsuite name="org.springframework.core.convert.converter.DefaultConversionServiceTests" tests="123" skipped="1" failures="0" errors="0" timestamp="2019-07-23T02:43:46" hostname="zhoujiajundeMacBook-Pro.local" time="0.233">
  <properties/>
  <testcase name="convertPropertiesToString" classname="org.springframework.core.convert.converter.DefaultConversionServiceTests" time="0.003"/>
  <testcase name="convertStringToProperties" classname="org.springframework.core.convert.converter.DefaultConversionServiceTests" time="0.0"/>
  <testcase name="convertObjectToStringUsingToString" classname="org.springframework.core.convert.converter.DefaultConversionServiceTests" time="0.001"/>
  <testcase name="convertObjectToCollection" classname="org.springframework.core.convert.converter.DefaultConversionServiceTests" time="0.001"/>
  <testcase name="testStringToBooleanTrue" classname="org.springframework.core.convert.converter.DefaultConversionServiceTests" time="0.001"/>
  <testcase name="convertEmptyStringToCollection" classname="org.springframework.core.convert.converter.DefaultConversionServiceTests" time="0.001"/>
  <testcase name="testPerformance1" classname="org.springframework.core.convert.converter.DefaultConversionServiceTests" time="0.002">
    <skipped/>
  </testcase>
  <testcase name="testStringToCharset" classname="org.springframework.core.convert.converter.DefaultConversionServiceTests" time="0.0"/>
  <testcase name="testBooleanToString" classname="org.springframework.core.convert.converter.DefaultConversionServiceTests" time="0.001"/>
  <testcase name="convertObjectToStringWithJavaTimeOfMethodPresent" classname="org.springframework.core.convert.converter.DefaultConversionServiceTests" time="0.003"/>
  <testcase name="convertArrayToObjectAssignableTargetType" classname="org.springframework.core.convert.converter.DefaultConversionServiceTests" time="0.002"/>
  <testcase name="convertIntegerArrayToIntArray" classname="org.springframework.core.convert.converter.DefaultConversionServiceTests" time="0.001"/>
  <testcase name="testIntegerToEnumNull" classname="org.springframework.core.convert.converter.DefaultConversionServiceTests" time="0.001"/>
  <testcase name="collection" classname="org.springframework.core.convert.converter.DefaultConversionServiceTests" time="0.001"/>
  <testcase name="convertEmptyArrayToString" classname="org.springframework.core.convert.converter.DefaultConversionServiceTests" time="0.0"/>
  <testcase name="convertCannotOptimizeArray" classname="org.springframework.core.convert.converter.DefaultConversionServiceTests" time="0.001"/>
  <testcase name="testFloatToString" classname="org.springframework.core.convert.converter.DefaultConversionServiceTests" time="0.001"/>
  <testcase name="testEnumToString" classname="org.springframework.core.convert.converter.DefaultConversionServiceTests" time="0.001"/>
  <testcase name="convertCollectionToObjectWithElementConversion" classname="org.springframework.core.convert.converter.DefaultConversionServiceTests" time="0.001"/>
  <testcase name="convertArrayToAbstractCollection" classname="org.springframework.core.convert.converter.DefaultConversionServiceTests" time="0.002"/>
  <testcase name="convertStringToArray" classname="org.springframework.core.convert.converter.DefaultConversionServiceTests" time="0.001"/>
  <testcase name="convertListOfListToString" classname="org.springframework.core.convert.converter.DefaultConversionServiceTests" time="0.001"/>
  <testcase name="testCharacterToNumber" classname="org.springframework.core.convert.converter.DefaultConversionServiceTests" time="0.001"/>
  <testcase name="convertArrayToCollectionInterface" classname="org.springframework.core.convert.converter.DefaultConversionServiceTests" time="0.0"/>
  <testcase name="testCharacterToString" classname="org.springframework.core.convert.converter.DefaultConversionServiceTests" time="0.0"/>
  <testcase name="testStringToCharacter" classname="org.springframework.core.convert.converter.DefaultConversionServiceTests" time="0.008"/>
  <testcase name="convertObjectToStringWithValueOfMethodPresentUsingToString" classname="org.springframework.core.convert.converter.DefaultConversionServiceTests" time="0.001"/>
  <testcase name="testStringToBooleanEmptyString" classname="org.springframework.core.convert.converter.DefaultConversionServiceTests" time="0.0"/>
  <testcase name="convertStringToPropertiesWithSpaces" classname="org.springframework.core.convert.converter.DefaultConversionServiceTests" time="0.0"/>
  <testcase name="convertArrayToObjectWithElementConversion" classname="org.springframework.core.convert.converter.DefaultConversionServiceTests" time="0.001"/>
  <testcase name="convertObjectToObjectUsingObjectConstructor" classname="org.springframework.core.convert.converter.DefaultConversionServiceTests" time="0.0"/>
  <testcase name="testStringToLocaleWithLanguageTag" classname="org.springframework.core.convert.converter.DefaultConversionServiceTests" time="0.002"/>
  <testcase name="testIntegerToEnumWithSubclass" classname="org.springframework.core.convert.converter.DefaultConversionServiceTests" time="0.002"/>
  <testcase name="testStringToInteger" classname="org.springframework.core.convert.converter.DefaultConversionServiceTests" time="0.0"/>
  <testcase name="testShortToString" classname="org.springframework.core.convert.converter.DefaultConversionServiceTests" time="0.001"/>
  <testcase name="convertObjectToArray" classname="org.springframework.core.convert.converter.DefaultConversionServiceTests" time="0.0"/>
  <testcase name="testStringToEnumEmptyString" classname="org.springframework.core.convert.converter.DefaultConversionServiceTests" time="0.002"/>
  <testcase name="testStringToDouble" classname="org.springframework.core.convert.converter.DefaultConversionServiceTests" time="0.0"/>
  <testcase name="convertStringToTimezone" classname="org.springframework.core.convert.converter.DefaultConversionServiceTests" time="0.001"/>
  <testcase name="convertObjectToObjectFinderMethodWithNull" classname="org.springframework.core.convert.converter.DefaultConversionServiceTests" time="0.001"/>
  <testcase name="convertObjectToStringNotSupported" classname="org.springframework.core.convert.converter.DefaultConversionServiceTests" time="0.001"/>
  <testcase name="convertCollectionToCollectionSpecialCaseSourceImpl" classname="org.springframework.core.convert.converter.DefaultConversionServiceTests" time="0.002"/>
  <testcase name="testIntegerToString" classname="org.springframework.core.convert.converter.DefaultConversionServiceTests" time="0.001"/>
  <testcase name="convertCollectionToCollectionNull" classname="org.springframework.core.convert.converter.DefaultConversionServiceTests" time="0.0"/>
  <testcase name="testStringToBooleanFalse" classname="org.springframework.core.convert.converter.DefaultConversionServiceTests" time="0.0"/>
  <testcase name="convertCollectionToArrayWithElementConversion" classname="org.springframework.core.convert.converter.DefaultConversionServiceTests" time="0.0"/>
  <testcase name="testStringToLocale" classname="org.springframework.core.convert.converter.DefaultConversionServiceTests" time="0.0"/>
  <testcase name="testStringToNumber" classname="org.springframework.core.convert.converter.DefaultConversionServiceTests" time="0.001"/>
  <testcase name="testStringToEnumWithSubclass" classname="org.springframework.core.convert.converter.DefaultConversionServiceTests" time="0.001"/>
  <testcase name="convertObjectToOptional" classname="org.springframework.core.convert.converter.DefaultConversionServiceTests" time="0.001"/>
  <testcase name="convertObjectToObjectFinderMethodWithIdConversion" classname="org.springframework.core.convert.converter.DefaultConversionServiceTests" time="0.001"/>
  <testcase name="convertObjectToArrayWithElementConversion" classname="org.springframework.core.convert.converter.DefaultConversionServiceTests" time="0.0"/>
  <testcase name="testStringToString" classname="org.springframework.core.convert.converter.DefaultConversionServiceTests" time="0.0"/>
  <testcase name="testStringToBooleanInvalidString" classname="org.springframework.core.convert.converter.DefaultConversionServiceTests" time="0.001"/>
  <testcase name="convertListOfNonStringifiable" classname="org.springframework.core.convert.converter.DefaultConversionServiceTests" time="0.001"/>
  <testcase name="convertObjectToObjectWithJavaTimeOfMethod" classname="org.springframework.core.convert.converter.DefaultConversionServiceTests" time="0.0"/>
  <testcase name="testNumberToNumberNotSupportedNumber" classname="org.springframework.core.convert.converter.DefaultConversionServiceTests" time="0.001"/>
  <testcase name="convertStringToCustomCharArray" classname="org.springframework.core.convert.converter.DefaultConversionServiceTests" time="0.001"/>
  <testcase name="map" classname="org.springframework.core.convert.converter.DefaultConversionServiceTests" time="0.001"/>
  <testcase name="convertEmptyStringToArray" classname="org.springframework.core.convert.converter.DefaultConversionServiceTests" time="0.0"/>
  <testcase name="testStringToEnumSet" classname="org.springframework.core.convert.converter.DefaultConversionServiceTests" time="0.0"/>
  <testcase name="testNumberToNumber" classname="org.springframework.core.convert.converter.DefaultConversionServiceTests" time="0.0"/>
  <testcase name="testCurrencyToString" classname="org.springframework.core.convert.converter.DefaultConversionServiceTests" time="0.0"/>
  <testcase name="testStringToCurrency" classname="org.springframework.core.convert.converter.DefaultConversionServiceTests" time="0.0"/>
  <testcase name="testDoubleToString" classname="org.springframework.core.convert.converter.DefaultConversionServiceTests" time="0.0"/>
  <testcase name="testStringToCharacterInvalidString" classname="org.springframework.core.convert.converter.DefaultConversionServiceTests" time="0.001"/>
  <testcase name="convertStringToCollectionWithElementConversion" classname="org.springframework.core.convert.converter.DefaultConversionServiceTests" time="0.0"/>
  <testcase name="testNumberToCharacter" classname="org.springframework.core.convert.converter.DefaultConversionServiceTests" time="0.001"/>
  <testcase name="convertCollectionToStringWithElementConversion" classname="org.springframework.core.convert.converter.DefaultConversionServiceTests" time="0.0"/>
  <testcase name="testStringToCharacterEmptyString" classname="org.springframework.core.convert.converter.DefaultConversionServiceTests" time="0.0"/>
  <testcase name="convertCollectionToArray" classname="org.springframework.core.convert.converter.DefaultConversionServiceTests" time="0.0"/>
  <testcase name="convertObjectToObjectFinderMethod" classname="org.springframework.core.convert.converter.DefaultConversionServiceTests" time="0.0"/>
  <testcase name="testBigDecimalToString" classname="org.springframework.core.convert.converter.DefaultConversionServiceTests" time="0.0"/>
  <testcase name="convertObjectToOptionalNull" classname="org.springframework.core.convert.converter.DefaultConversionServiceTests" time="0.0"/>
  <testcase name="convertCollectionToObject" classname="org.springframework.core.convert.converter.DefaultConversionServiceTests" time="0.001"/>
  <testcase name="convertCharArrayToString" classname="org.springframework.core.convert.converter.DefaultConversionServiceTests" time="0.001"/>
  <testcase name="testStringToFloat" classname="org.springframework.core.convert.converter.DefaultConversionServiceTests" time="0.0"/>
  <testcase name="testStringToShort" classname="org.springframework.core.convert.converter.DefaultConversionServiceTests" time="0.0"/>
  <testcase name="testStringToBigDecimal" classname="org.springframework.core.convert.converter.DefaultConversionServiceTests" time="0.001"/>
  <testcase name="convertObjectToObjectUsingValueOfMethod" classname="org.springframework.core.convert.converter.DefaultConversionServiceTests" time="0.0"/>
  <testcase name="testIntegerToEnum" classname="org.springframework.core.convert.converter.DefaultConversionServiceTests" time="0.0"/>
  <testcase name="convertObjectToObjectNoValueOfMethodOrConstructor" classname="org.springframework.core.convert.converter.DefaultConversionServiceTests" time="0.0"/>
  <testcase name="convertCollectionToString" classname="org.springframework.core.convert.converter.DefaultConversionServiceTests" time="0.0"/>
  <testcase name="convertListOfStringToString" classname="org.springframework.core.convert.converter.DefaultConversionServiceTests" time="0.001"/>
  <testcase name="convertCollectionToObjectAssignableTarget" classname="org.springframework.core.convert.converter.DefaultConversionServiceTests" time="0.0"/>
  <testcase name="convertByteArrayToWrapperArray" classname="org.springframework.core.convert.converter.DefaultConversionServiceTests" time="0.001"/>
  <testcase name="convertArrayToObject" classname="org.springframework.core.convert.converter.DefaultConversionServiceTests" time="0.001"/>
  <testcase name="convertArrayToStringWithElementConversion" classname="org.springframework.core.convert.converter.DefaultConversionServiceTests" time="0.0"/>
  <testcase name="convertStringArrayToIntegerArray" classname="org.springframework.core.convert.converter.DefaultConversionServiceTests" time="0.001"/>
  <testcase name="convertArrayToCollectionGenericTypeConversion" classname="org.springframework.core.convert.converter.DefaultConversionServiceTests" time="0.0"/>
  <testcase name="testStringToByte" classname="org.springframework.core.convert.converter.DefaultConversionServiceTests" time="0.0"/>
  <testcase name="testStringToEnum" classname="org.springframework.core.convert.converter.DefaultConversionServiceTests" time="0.0"/>
  <testcase name="testStringToLong" classname="org.springframework.core.convert.converter.DefaultConversionServiceTests" time="0.001"/>
  <testcase name="multidimensionalArrayToListConversionShouldConvertEntriesCorrectly" classname="org.springframework.core.convert.converter.DefaultConversionServiceTests" time="0.0"/>
  <testcase name="testLongToString" classname="org.springframework.core.convert.converter.DefaultConversionServiceTests" time="0.0"/>
  <testcase name="convertObjectArrayToIntegerArray" classname="org.springframework.core.convert.converter.DefaultConversionServiceTests" time="0.0"/>
  <testcase name="convertStringToArrayWithElementConversion" classname="org.springframework.core.convert.converter.DefaultConversionServiceTests" time="0.0"/>
  <testcase name="convertStringArrayToIntArray" classname="org.springframework.core.convert.converter.DefaultConversionServiceTests" time="0.0"/>
  <testcase name="convertArrayToStream" classname="org.springframework.core.convert.converter.DefaultConversionServiceTests" time="0.001"/>
  <testcase name="convertArrayToString" classname="org.springframework.core.convert.converter.DefaultConversionServiceTests" time="0.001"/>
  <testcase name="convertObjectArrayToIntArray" classname="org.springframework.core.convert.converter.DefaultConversionServiceTests" time="0.001"/>
  <testcase name="testStringToBigInteger" classname="org.springframework.core.convert.converter.DefaultConversionServiceTests" time="0.0"/>
  <testcase name="convertExistingOptional" classname="org.springframework.core.convert.converter.DefaultConversionServiceTests" time="0.0"/>
  <testcase name="testCharsetToString" classname="org.springframework.core.convert.converter.DefaultConversionServiceTests" time="0.0"/>
  <testcase name="convertCollectionToCollectionNotGeneric" classname="org.springframework.core.convert.converter.DefaultConversionServiceTests" time="0.001"/>
  <testcase name="convertStringToCollection" classname="org.springframework.core.convert.converter.DefaultConversionServiceTests" time="0.0"/>
  <testcase name="convertStringToPrimitiveArrayWithElementConversion" classname="org.springframework.core.convert.converter.DefaultConversionServiceTests" time="0.001"/>
  <testcase name="convertObjectToCollectionWithElementConversion" classname="org.springframework.core.convert.converter.DefaultConversionServiceTests" time="0.0"/>
  <testcase name="testByteToString" classname="org.springframework.core.convert.converter.DefaultConversionServiceTests" time="0.001"/>
  <testcase name="testBigIntegerToString" classname="org.springframework.core.convert.converter.DefaultConversionServiceTests" time="0.001"/>
  <testcase name="testUuidToStringAndStringToUuid" classname="org.springframework.core.convert.converter.DefaultConversionServiceTests" time="0.001"/>
  <testcase name="convertCollectionToCollection" classname="org.springframework.core.convert.converter.DefaultConversionServiceTests" time="0.0"/>
  <testcase name="testStringToLocaleWithCountry" classname="org.springframework.core.convert.converter.DefaultConversionServiceTests" time="0.001"/>
  <testcase name="testSpr7766" classname="org.springframework.core.convert.converter.DefaultConversionServiceTests" time="0.048"/>
  <testcase name="testEnumToInteger" classname="org.springframework.core.convert.converter.DefaultConversionServiceTests" time="0.003"/>
  <testcase name="convertHashMapValuesToList" classname="org.springframework.core.convert.converter.DefaultConversionServiceTests" time="0.007"/>
  <testcase name="convertCollectionToObjectWithCustomConverter" classname="org.springframework.core.convert.converter.DefaultConversionServiceTests" time="0.017"/>
  <testcase name="convertStringToCharArray" classname="org.springframework.core.convert.converter.DefaultConversionServiceTests" time="0.0"/>
  <testcase name="convertMapToMap" classname="org.springframework.core.convert.converter.DefaultConversionServiceTests" time="0.002"/>
  <testcase name="convertArrayToCollectionImpl" classname="org.springframework.core.convert.converter.DefaultConversionServiceTests" time="0.001"/>
  <testcase name="testStringToNumberEmptyString" classname="org.springframework.core.convert.converter.DefaultConversionServiceTests" time="0.0"/>
  <testcase name="convertArrayToArrayAssignable" classname="org.springframework.core.convert.converter.DefaultConversionServiceTests" time="0.0"/>
  <testcase name="convertIntegerArrayToIntegerArray" classname="org.springframework.core.convert.converter.DefaultConversionServiceTests" time="0.001"/>
  <system-out><![CDATA[]]></system-out>
  <system-err><![CDATA[]]></system-err>
</testsuite>
