<?xml version="1.0" encoding="UTF-8"?>
<testsuite name="org.springframework.core.env.CompositePropertySourceTests" tests="1" skipped="0" failures="0" errors="0" timestamp="2019-07-23T02:43:47" hostname="zhoujiajundeMacBook-Pro.local" time="0.005">
  <properties/>
  <testcase name="addFirst" classname="org.springframework.core.env.CompositePropertySourceTests" time="0.005"/>
  <system-out><![CDATA[]]></system-out>
  <system-err><![CDATA[]]></system-err>
</testsuite>
