<?xml version="1.0" encoding="UTF-8"?>
<testsuite name="org.springframework.util.ClassUtilsTests" tests="33" skipped="0" failures="0" errors="0" timestamp="2019-07-23T02:43:50" hostname="zhoujiajundeMacBook-Pro.local" time="0.011">
  <properties/>
  <testcase name="testDetermineCommonAncestor" classname="org.springframework.util.ClassUtilsTests" time="0.001"/>
  <testcase name="testClassNamesToString" classname="org.springframework.util.ClassUtilsTests" time="0.0"/>
  <testcase name="testArgsStaticMethod" classname="org.springframework.util.ClassUtilsTests" time="0.0"/>
  <testcase name="testGetClassFileName" classname="org.springframework.util.ClassUtilsTests" time="0.0"/>
  <testcase name="testForNameWithPrimitiveArraysInternalName" classname="org.springframework.util.ClassUtilsTests" time="0.0"/>
  <testcase name="testNoArgsStaticMethod" classname="org.springframework.util.ClassUtilsTests" time="0.0"/>
  <testcase name="testGetMethodCountForName" classname="org.springframework.util.ClassUtilsTests" time="0.001"/>
  <testcase name="testGetShortNameForMultiDimensionalPrimitiveArrayClass" classname="org.springframework.util.ClassUtilsTests" time="0.0"/>
  <testcase name="testForName" classname="org.springframework.util.ClassUtilsTests" time="0.0"/>
  <testcase name="testGetShortName" classname="org.springframework.util.ClassUtilsTests" time="0.0"/>
  <testcase name="testGetShortNameForInnerClass" classname="org.springframework.util.ClassUtilsTests" time="0.0"/>
  <testcase name="testGetPackageName" classname="org.springframework.util.ClassUtilsTests" time="0.001"/>
  <testcase name="testClassPackageAsResourcePath" classname="org.springframework.util.ClassUtilsTests" time="0.0"/>
  <testcase name="testGetQualifiedNameForObjectArrayClass" classname="org.springframework.util.ClassUtilsTests" time="0.0"/>
  <testcase name="testGetShortNameForObjectArrayClass" classname="org.springframework.util.ClassUtilsTests" time="0.0"/>
  <testcase name="testIsPresent" classname="org.springframework.util.ClassUtilsTests" time="0.0"/>
  <testcase name="testIsAssignable" classname="org.springframework.util.ClassUtilsTests" time="0.001"/>
  <testcase name="testIsCacheSafe" classname="org.springframework.util.ClassUtilsTests" time="0.001"/>
  <testcase name="testAddResourcePathToPackagePath" classname="org.springframework.util.ClassUtilsTests" time="0.0"/>
  <testcase name="testGetAllInterfaces" classname="org.springframework.util.ClassUtilsTests" time="0.0"/>
  <testcase name="testHasMethod" classname="org.springframework.util.ClassUtilsTests" time="0.001"/>
  <testcase name="testOverloadedStaticMethod" classname="org.springframework.util.ClassUtilsTests" time="0.0"/>
  <testcase name="testCountOverloadedMethods" classname="org.springframework.util.ClassUtilsTests" time="0.0"/>
  <testcase name="testGetShortNameForPrimitiveArrayClass" classname="org.springframework.util.ClassUtilsTests" time="0.001"/>
  <testcase name="testForNameWithPrimitiveClasses" classname="org.springframework.util.ClassUtilsTests" time="0.0"/>
  <testcase name="testGetMethodIfAvailable" classname="org.springframework.util.ClassUtilsTests" time="0.0"/>
  <testcase name="testGetQualifiedNameForPrimitiveArrayClass" classname="org.springframework.util.ClassUtilsTests" time="0.0"/>
  <testcase name="testGetShortNameAsProperty" classname="org.springframework.util.ClassUtilsTests" time="0.0"/>
  <testcase name="testGetQualifiedName" classname="org.springframework.util.ClassUtilsTests" time="0.0"/>
  <testcase name="testForNameWithPrimitiveArrays" classname="org.springframework.util.ClassUtilsTests" time="0.0"/>
  <testcase name="testGetShortNameForMultiDimensionalObjectArrayClass" classname="org.springframework.util.ClassUtilsTests" time="0.0"/>
  <testcase name="testGetQualifiedNameForMultiDimensionalPrimitiveArrayClass" classname="org.springframework.util.ClassUtilsTests" time="0.0"/>
  <testcase name="testGetQualifiedNameForMultiDimensionalObjectArrayClass" classname="org.springframework.util.ClassUtilsTests" time="0.0"/>
  <system-out><![CDATA[]]></system-out>
  <system-err><![CDATA[]]></system-err>
</testsuite>
