<?xml version="1.0" encoding="UTF-8"?>
<testsuite name="org.springframework.util.xml.DomContentHandlerTests" tests="3" skipped="0" failures="0" errors="0" timestamp="2019-07-23T02:43:51" hostname="zhoujiajundeMacBook-Pro.local" time="0.082">
  <properties/>
  <testcase name="contentHandlerDocumentNoNamespacePrefixes" classname="org.springframework.util.xml.DomContentHandlerTests" time="0.063"/>
  <testcase name="contentHandlerDocumentNamespacePrefixes" classname="org.springframework.util.xml.DomContentHandlerTests" time="0.009"/>
  <testcase name="contentHandlerElement" classname="org.springframework.util.xml.DomContentHandlerTests" time="0.005"/>
  <system-out><![CDATA[]]></system-out>
  <system-err><![CDATA[]]></system-err>
</testsuite>
