<?xml version="1.0" encoding="UTF-8"?>
<testsuite name="org.springframework.core.type.AssignableTypeFilterTests" tests="4" skipped="0" failures="0" errors="0" timestamp="2019-07-23T02:43:50" hostname="zhoujiajundeMacBook-Pro.local" time="0.002">
  <properties/>
  <testcase name="directMatch" classname="org.springframework.core.type.AssignableTypeFilterTests" time="0.0"/>
  <testcase name="interfaceThroughSuperClassMatch" classname="org.springframework.core.type.AssignableTypeFilterTests" time="0.001"/>
  <testcase name="superClassMatch" classname="org.springframework.core.type.AssignableTypeFilterTests" time="0.001"/>
  <testcase name="interfaceMatch" classname="org.springframework.core.type.AssignableTypeFilterTests" time="0.0"/>
  <system-out><![CDATA[]]></system-out>
  <system-err><![CDATA[]]></system-err>
</testsuite>
