<?xml version="1.0" encoding="UTF-8"?>
<testsuite name="org.springframework.util.comparator.BooleanComparatorTests" tests="4" skipped="0" failures="0" errors="0" timestamp="2019-07-23T02:43:50" hostname="zhoujiajundeMacBook-Pro.local" time="0.001">
  <properties/>
  <testcase name="shouldCompareFromTrueHigh" classname="org.springframework.util.comparator.BooleanComparatorTests" time="0.001"/>
  <testcase name="shouldCompareWithTrueHigh" classname="org.springframework.util.comparator.BooleanComparatorTests" time="0.0"/>
  <testcase name="shouldCompareFromTrueLow" classname="org.springframework.util.comparator.BooleanComparatorTests" time="0.0"/>
  <testcase name="shouldCompareWithTrueLow" classname="org.springframework.util.comparator.BooleanComparatorTests" time="0.0"/>
  <system-out><![CDATA[]]></system-out>
  <system-err><![CDATA[]]></system-err>
</testsuite>
