<?xml version="1.0" encoding="UTF-8"?>
<testsuite name="org.springframework.core.io.support.ResourceRegionTests" tests="3" skipped="0" failures="0" errors="0" timestamp="2019-07-23T02:43:49" hostname="zhoujiajundeMacBook-Pro.local" time="0.067">
  <properties/>
  <testcase name="shouldThrowExceptionForNegativePosition" classname="org.springframework.core.io.support.ResourceRegionTests" time="0.066"/>
  <testcase name="shouldThrowExceptionWithNullResource" classname="org.springframework.core.io.support.ResourceRegionTests" time="0.0"/>
  <testcase name="shouldThrowExceptionForNegativeCount" classname="org.springframework.core.io.support.ResourceRegionTests" time="0.0"/>
  <system-out><![CDATA[]]></system-out>
  <system-err><![CDATA[]]></system-err>
</testsuite>
