<?xml version="1.0" encoding="UTF-8"?>
<testsuite name="org.springframework.core.codec.ByteArrayDecoderTests" tests="18" skipped="0" failures="0" errors="0" timestamp="2019-07-23T02:43:45" hostname="zhoujiajundeMacBook-Pro.local" time="0.306">
  <properties/>
  <testcase name="decodeToMono[NettyDataBufferFactory (UnpooledByteBufAllocator(directByDefault: true))]" classname="org.springframework.core.codec.ByteArrayDecoderTests" time="0.273"/>
  <testcase name="decode[NettyDataBufferFactory (UnpooledByteBufAllocator(directByDefault: true))]" classname="org.springframework.core.codec.ByteArrayDecoderTests" time="0.002"/>
  <testcase name="canDecode[NettyDataBufferFactory (UnpooledByteBufAllocator(directByDefault: true))]" classname="org.springframework.core.codec.ByteArrayDecoderTests" time="0.0"/>
  <testcase name="decodeToMono[NettyDataBufferFactory (UnpooledByteBufAllocator(directByDefault: false))]" classname="org.springframework.core.codec.ByteArrayDecoderTests" time="0.001"/>
  <testcase name="decode[NettyDataBufferFactory (UnpooledByteBufAllocator(directByDefault: false))]" classname="org.springframework.core.codec.ByteArrayDecoderTests" time="0.0"/>
  <testcase name="canDecode[NettyDataBufferFactory (UnpooledByteBufAllocator(directByDefault: false))]" classname="org.springframework.core.codec.ByteArrayDecoderTests" time="0.0"/>
  <testcase name="decodeToMono[NettyDataBufferFactory (PooledByteBufAllocator(directByDefault: true))]" classname="org.springframework.core.codec.ByteArrayDecoderTests" time="0.013"/>
  <testcase name="decode[NettyDataBufferFactory (PooledByteBufAllocator(directByDefault: true))]" classname="org.springframework.core.codec.ByteArrayDecoderTests" time="0.0"/>
  <testcase name="canDecode[NettyDataBufferFactory (PooledByteBufAllocator(directByDefault: true))]" classname="org.springframework.core.codec.ByteArrayDecoderTests" time="0.0"/>
  <testcase name="decodeToMono[NettyDataBufferFactory (PooledByteBufAllocator(directByDefault: false))]" classname="org.springframework.core.codec.ByteArrayDecoderTests" time="0.003"/>
  <testcase name="decode[NettyDataBufferFactory (PooledByteBufAllocator(directByDefault: false))]" classname="org.springframework.core.codec.ByteArrayDecoderTests" time="0.0"/>
  <testcase name="canDecode[NettyDataBufferFactory (PooledByteBufAllocator(directByDefault: false))]" classname="org.springframework.core.codec.ByteArrayDecoderTests" time="0.001"/>
  <testcase name="decodeToMono[DefaultDataBufferFactory (preferDirect=true)]" classname="org.springframework.core.codec.ByteArrayDecoderTests" time="0.01"/>
  <testcase name="decode[DefaultDataBufferFactory (preferDirect=true)]" classname="org.springframework.core.codec.ByteArrayDecoderTests" time="0.001"/>
  <testcase name="canDecode[DefaultDataBufferFactory (preferDirect=true)]" classname="org.springframework.core.codec.ByteArrayDecoderTests" time="0.0"/>
  <testcase name="decodeToMono[DefaultDataBufferFactory (preferDirect=false)]" classname="org.springframework.core.codec.ByteArrayDecoderTests" time="0.001"/>
  <testcase name="decode[DefaultDataBufferFactory (preferDirect=false)]" classname="org.springframework.core.codec.ByteArrayDecoderTests" time="0.0"/>
  <testcase name="canDecode[DefaultDataBufferFactory (preferDirect=false)]" classname="org.springframework.core.codec.ByteArrayDecoderTests" time="0.0"/>
  <system-out><![CDATA[]]></system-out>
  <system-err><![CDATA[]]></system-err>
</testsuite>
