<?xml version="1.0" encoding="UTF-8"?>
<testsuite name="org.springframework.core.type.CachingMetadataReaderLeakTests" tests="1" skipped="1" failures="0" errors="0" timestamp="2019-07-23T02:43:50" hostname="zhoujiajundeMacBook-Pro.local" time="0.0">
  <properties/>
  <testcase name="testSignificantLoad" classname="org.springframework.core.type.CachingMetadataReaderLeakTests" time="0.0">
    <skipped/>
  </testcase>
  <system-out><![CDATA[]]></system-out>
  <system-err><![CDATA[]]></system-err>
</testsuite>
