<?xml version="1.0" encoding="UTF-8"?>
<testsuite name="org.springframework.core.codec.StringDecoderTests" tests="48" skipped="0" failures="0" errors="0" timestamp="2019-07-23T02:43:46" hostname="zhoujiajundeMacBook-Pro.local" time="0.125">
  <properties/>
  <testcase name="decodeToMono[NettyDataBufferFactory (UnpooledByteBufAllocator(directByDefault: true))]" classname="org.springframework.core.codec.StringDecoderTests" time="0.003"/>
  <testcase name="decodeToMonoWithEmptyFlux[NettyDataBufferFactory (UnpooledByteBufAllocator(directByDefault: true))]" classname="org.springframework.core.codec.StringDecoderTests" time="0.001"/>
  <testcase name="decodeEmptyDataBuffer[NettyDataBufferFactory (UnpooledByteBufAllocator(directByDefault: true))]" classname="org.springframework.core.codec.StringDecoderTests" time="0.009"/>
  <testcase name="canDecode[NettyDataBufferFactory (UnpooledByteBufAllocator(directByDefault: true))]" classname="org.springframework.core.codec.StringDecoderTests" time="0.0"/>
  <testcase name="decodeMultibyteCharacter[NettyDataBufferFactory (UnpooledByteBufAllocator(directByDefault: true))]" classname="org.springframework.core.codec.StringDecoderTests" time="0.001"/>
  <testcase name="decodeNewLineIncludeDelimiters[NettyDataBufferFactory (UnpooledByteBufAllocator(directByDefault: true))]" classname="org.springframework.core.codec.StringDecoderTests" time="0.002"/>
  <testcase name="decodeNewLine[NettyDataBufferFactory (UnpooledByteBufAllocator(directByDefault: true))]" classname="org.springframework.core.codec.StringDecoderTests" time="0.002"/>
  <testcase name="decodeEmptyFlux[NettyDataBufferFactory (UnpooledByteBufAllocator(directByDefault: true))]" classname="org.springframework.core.codec.StringDecoderTests" time="0.0"/>
  <testcase name="decodeToMono[NettyDataBufferFactory (UnpooledByteBufAllocator(directByDefault: false))]" classname="org.springframework.core.codec.StringDecoderTests" time="0.001"/>
  <testcase name="decodeToMonoWithEmptyFlux[NettyDataBufferFactory (UnpooledByteBufAllocator(directByDefault: false))]" classname="org.springframework.core.codec.StringDecoderTests" time="0.0"/>
  <testcase name="decodeEmptyDataBuffer[NettyDataBufferFactory (UnpooledByteBufAllocator(directByDefault: false))]" classname="org.springframework.core.codec.StringDecoderTests" time="0.0"/>
  <testcase name="canDecode[NettyDataBufferFactory (UnpooledByteBufAllocator(directByDefault: false))]" classname="org.springframework.core.codec.StringDecoderTests" time="0.001"/>
  <testcase name="decodeMultibyteCharacter[NettyDataBufferFactory (UnpooledByteBufAllocator(directByDefault: false))]" classname="org.springframework.core.codec.StringDecoderTests" time="0.002"/>
  <testcase name="decodeNewLineIncludeDelimiters[NettyDataBufferFactory (UnpooledByteBufAllocator(directByDefault: false))]" classname="org.springframework.core.codec.StringDecoderTests" time="0.003"/>
  <testcase name="decodeNewLine[NettyDataBufferFactory (UnpooledByteBufAllocator(directByDefault: false))]" classname="org.springframework.core.codec.StringDecoderTests" time="0.002"/>
  <testcase name="decodeEmptyFlux[NettyDataBufferFactory (UnpooledByteBufAllocator(directByDefault: false))]" classname="org.springframework.core.codec.StringDecoderTests" time="0.0"/>
  <testcase name="decodeToMono[NettyDataBufferFactory (PooledByteBufAllocator(directByDefault: true))]" classname="org.springframework.core.codec.StringDecoderTests" time="0.001"/>
  <testcase name="decodeToMonoWithEmptyFlux[NettyDataBufferFactory (PooledByteBufAllocator(directByDefault: true))]" classname="org.springframework.core.codec.StringDecoderTests" time="0.0"/>
  <testcase name="decodeEmptyDataBuffer[NettyDataBufferFactory (PooledByteBufAllocator(directByDefault: true))]" classname="org.springframework.core.codec.StringDecoderTests" time="0.001"/>
  <testcase name="canDecode[NettyDataBufferFactory (PooledByteBufAllocator(directByDefault: true))]" classname="org.springframework.core.codec.StringDecoderTests" time="0.0"/>
  <testcase name="decodeMultibyteCharacter[NettyDataBufferFactory (PooledByteBufAllocator(directByDefault: true))]" classname="org.springframework.core.codec.StringDecoderTests" time="0.001"/>
  <testcase name="decodeNewLineIncludeDelimiters[NettyDataBufferFactory (PooledByteBufAllocator(directByDefault: true))]" classname="org.springframework.core.codec.StringDecoderTests" time="0.004"/>
  <testcase name="decodeNewLine[NettyDataBufferFactory (PooledByteBufAllocator(directByDefault: true))]" classname="org.springframework.core.codec.StringDecoderTests" time="0.003"/>
  <testcase name="decodeEmptyFlux[NettyDataBufferFactory (PooledByteBufAllocator(directByDefault: true))]" classname="org.springframework.core.codec.StringDecoderTests" time="0.0"/>
  <testcase name="decodeToMono[NettyDataBufferFactory (PooledByteBufAllocator(directByDefault: false))]" classname="org.springframework.core.codec.StringDecoderTests" time="0.025"/>
  <testcase name="decodeToMonoWithEmptyFlux[NettyDataBufferFactory (PooledByteBufAllocator(directByDefault: false))]" classname="org.springframework.core.codec.StringDecoderTests" time="0.001"/>
  <testcase name="decodeEmptyDataBuffer[NettyDataBufferFactory (PooledByteBufAllocator(directByDefault: false))]" classname="org.springframework.core.codec.StringDecoderTests" time="0.001"/>
  <testcase name="canDecode[NettyDataBufferFactory (PooledByteBufAllocator(directByDefault: false))]" classname="org.springframework.core.codec.StringDecoderTests" time="0.001"/>
  <testcase name="decodeMultibyteCharacter[NettyDataBufferFactory (PooledByteBufAllocator(directByDefault: false))]" classname="org.springframework.core.codec.StringDecoderTests" time="0.007"/>
  <testcase name="decodeNewLineIncludeDelimiters[NettyDataBufferFactory (PooledByteBufAllocator(directByDefault: false))]" classname="org.springframework.core.codec.StringDecoderTests" time="0.002"/>
  <testcase name="decodeNewLine[NettyDataBufferFactory (PooledByteBufAllocator(directByDefault: false))]" classname="org.springframework.core.codec.StringDecoderTests" time="0.01"/>
  <testcase name="decodeEmptyFlux[NettyDataBufferFactory (PooledByteBufAllocator(directByDefault: false))]" classname="org.springframework.core.codec.StringDecoderTests" time="0.001"/>
  <testcase name="decodeToMono[DefaultDataBufferFactory (preferDirect=true)]" classname="org.springframework.core.codec.StringDecoderTests" time="0.002"/>
  <testcase name="decodeToMonoWithEmptyFlux[DefaultDataBufferFactory (preferDirect=true)]" classname="org.springframework.core.codec.StringDecoderTests" time="0.001"/>
  <testcase name="decodeEmptyDataBuffer[DefaultDataBufferFactory (preferDirect=true)]" classname="org.springframework.core.codec.StringDecoderTests" time="0.001"/>
  <testcase name="canDecode[DefaultDataBufferFactory (preferDirect=true)]" classname="org.springframework.core.codec.StringDecoderTests" time="0.001"/>
  <testcase name="decodeMultibyteCharacter[DefaultDataBufferFactory (preferDirect=true)]" classname="org.springframework.core.codec.StringDecoderTests" time="0.001"/>
  <testcase name="decodeNewLineIncludeDelimiters[DefaultDataBufferFactory (preferDirect=true)]" classname="org.springframework.core.codec.StringDecoderTests" time="0.002"/>
  <testcase name="decodeNewLine[DefaultDataBufferFactory (preferDirect=true)]" classname="org.springframework.core.codec.StringDecoderTests" time="0.003"/>
  <testcase name="decodeEmptyFlux[DefaultDataBufferFactory (preferDirect=true)]" classname="org.springframework.core.codec.StringDecoderTests" time="0.0"/>
  <testcase name="decodeToMono[DefaultDataBufferFactory (preferDirect=false)]" classname="org.springframework.core.codec.StringDecoderTests" time="0.001"/>
  <testcase name="decodeToMonoWithEmptyFlux[DefaultDataBufferFactory (preferDirect=false)]" classname="org.springframework.core.codec.StringDecoderTests" time="0.0"/>
  <testcase name="decodeEmptyDataBuffer[DefaultDataBufferFactory (preferDirect=false)]" classname="org.springframework.core.codec.StringDecoderTests" time="0.0"/>
  <testcase name="canDecode[DefaultDataBufferFactory (preferDirect=false)]" classname="org.springframework.core.codec.StringDecoderTests" time="0.001"/>
  <testcase name="decodeMultibyteCharacter[DefaultDataBufferFactory (preferDirect=false)]" classname="org.springframework.core.codec.StringDecoderTests" time="0.001"/>
  <testcase name="decodeNewLineIncludeDelimiters[DefaultDataBufferFactory (preferDirect=false)]" classname="org.springframework.core.codec.StringDecoderTests" time="0.001"/>
  <testcase name="decodeNewLine[DefaultDataBufferFactory (preferDirect=false)]" classname="org.springframework.core.codec.StringDecoderTests" time="0.002"/>
  <testcase name="decodeEmptyFlux[DefaultDataBufferFactory (preferDirect=false)]" classname="org.springframework.core.codec.StringDecoderTests" time="0.001"/>
  <system-out><![CDATA[]]></system-out>
  <system-err><![CDATA[]]></system-err>
</testsuite>
