<?xml version="1.0" encoding="UTF-8"?>
<testsuite name="org.springframework.core.KotlinMethodParameterTests" tests="4" skipped="0" failures="0" errors="0" timestamp="2019-07-23T02:44:01" hostname="zhoujiajundeMacBook-Pro.local" time="0.512">
  <properties/>
  <testcase name="Inner class constructor" classname="org.springframework.core.KotlinMethodParameterTests" time="0.454"/>
  <testcase name="Regular class constructor" classname="org.springframework.core.KotlinMethodParameterTests" time="0.001"/>
  <testcase name="Method return type nullability" classname="org.springframework.core.KotlinMethodParameterTests" time="0.057"/>
  <testcase name="Method parameter nullability" classname="org.springframework.core.KotlinMethodParameterTests" time="0.0"/>
  <system-out><![CDATA[]]></system-out>
  <system-err><![CDATA[]]></system-err>
</testsuite>
