<?xml version="1.0" encoding="UTF-8"?>
<testsuite name="org.springframework.util.xml.ListBasedXMLEventReaderTests" tests="3" skipped="0" failures="0" errors="0" timestamp="2019-07-23T02:43:51" hostname="zhoujiajundeMacBook-Pro.local" time="0.059">
  <properties/>
  <testcase name="testGetElementTextThrowsExceptionAtWrongPosition" classname="org.springframework.util.xml.ListBasedXMLEventReaderTests" time="0.041"/>
  <testcase name="testGetElementText" classname="org.springframework.util.xml.ListBasedXMLEventReaderTests" time="0.0"/>
  <testcase name="standard" classname="org.springframework.util.xml.ListBasedXMLEventReaderTests" time="0.017"/>
  <system-out><![CDATA[]]></system-out>
  <system-err><![CDATA[]]></system-err>
</testsuite>
