<?xml version="1.0" encoding="UTF-8"?>
<testsuite name="org.springframework.util.MimeTypeTests" tests="34" skipped="0" failures="0" errors="0" timestamp="2019-07-23T02:43:50" hostname="zhoujiajundeMacBook-Pro.local" time="0.015">
  <properties/>
  <testcase name="parseMimeTypeIllegalQuotedParameterValue" classname="org.springframework.util.MimeTypeTests" time="0.0"/>
  <testcase name="parseMimeTypeIllegalSubtype" classname="org.springframework.util.MimeTypeTests" time="0.0"/>
  <testcase name="parseMimeTypeIllegalParameterValue" classname="org.springframework.util.MimeTypeTests" time="0.0"/>
  <testcase name="parseMimeTypeEmptyParameterAttribute" classname="org.springframework.util.MimeTypeTests" time="0.0"/>
  <testcase name="parseQuotedSeparator" classname="org.springframework.util.MimeTypeTests" time="0.001"/>
  <testcase name="equalsIsCaseInsensitiveForCharsets" classname="org.springframework.util.MimeTypeTests" time="0.0"/>
  <testcase name="compareTo" classname="org.springframework.util.MimeTypeTests" time="0.0"/>
  <testcase name="valueOfIllegalSubtype" classname="org.springframework.util.MimeTypeTests" time="0.0"/>
  <testcase name="parseMimeTypeNoSubtypeSlash" classname="org.springframework.util.MimeTypeTests" time="0.0"/>
  <testcase name="parseCharset" classname="org.springframework.util.MimeTypeTests" time="0.0"/>
  <testcase name="testToString" classname="org.springframework.util.MimeTypeTests" time="0.0"/>
  <testcase name="parseMimeTypeIllegalType" classname="org.springframework.util.MimeTypeTests" time="0.0"/>
  <testcase name="valueOfNoSubtype" classname="org.springframework.util.MimeTypeTests" time="0.0"/>
  <testcase name="valueOfNoSubtypeSlash" classname="org.springframework.util.MimeTypeTests" time="0.0"/>
  <testcase name="parseMimeTypeTypeRange" classname="org.springframework.util.MimeTypeTests" time="0.0"/>
  <testcase name="withConversionService" classname="org.springframework.util.MimeTypeTests" time="0.0"/>
  <testcase name="parseMimeTypeMissingTypeAndSubtype" classname="org.springframework.util.MimeTypeTests" time="0.0"/>
  <testcase name="slashInSubtype" classname="org.springframework.util.MimeTypeTests" time="0.0"/>
  <testcase name="includes" classname="org.springframework.util.MimeTypeTests" time="0.001"/>
  <testcase name="parseMimeTypeEmptyParameterValue" classname="org.springframework.util.MimeTypeTests" time="0.0"/>
  <testcase name="parseMimeTypeWithSpacesAroundEquals" classname="org.springframework.util.MimeTypeTests" time="0.0"/>
  <testcase name="parseMimeTypeIllegalCharset" classname="org.springframework.util.MimeTypeTests" time="0.006"/>
  <testcase name="parseMimeTypeSingleQuotedParameterValue" classname="org.springframework.util.MimeTypeTests" time="0.0"/>
  <testcase name="valueOfIllegalType" classname="org.springframework.util.MimeTypeTests" time="0.0"/>
  <testcase name="parseMimeTypeQuotedParameterValue" classname="org.springframework.util.MimeTypeTests" time="0.0"/>
  <testcase name="parseMimeTypeWithSpacesAroundEqualsAndQuotedValue" classname="org.springframework.util.MimeTypeTests" time="0.0"/>
  <testcase name="valueOfIllegalCharset" classname="org.springframework.util.MimeTypeTests" time="0.001"/>
  <testcase name="parseMimeTypes" classname="org.springframework.util.MimeTypeTests" time="0.0"/>
  <testcase name="isCompatible" classname="org.springframework.util.MimeTypeTests" time="0.001"/>
  <testcase name="parseQuotedCharset" classname="org.springframework.util.MimeTypeTests" time="0.0"/>
  <testcase name="compareToCaseSensitivity" classname="org.springframework.util.MimeTypeTests" time="0.001"/>
  <testcase name="parseMimeTypeIllegalParameterAttribute" classname="org.springframework.util.MimeTypeTests" time="0.0"/>
  <testcase name="parseMimeTypeNoSubtype" classname="org.springframework.util.MimeTypeTests" time="0.001"/>
  <testcase name="parseMimeType" classname="org.springframework.util.MimeTypeTests" time="0.0"/>
  <system-out><![CDATA[]]></system-out>
  <system-err><![CDATA[]]></system-err>
</testsuite>
