<?xml version="1.0" encoding="UTF-8"?>
<testsuite name="org.springframework.util.xml.XMLEventStreamWriterTests" tests="1" skipped="0" failures="0" errors="0" timestamp="2019-07-23T02:44:01" hostname="zhoujiajundeMacBook-Pro.local" time="0.003">
  <properties/>
  <testcase name="write" classname="org.springframework.util.xml.XMLEventStreamWriterTests" time="0.003"/>
  <system-out><![CDATA[]]></system-out>
  <system-err><![CDATA[]]></system-err>
</testsuite>
